빌드 시작: 2018-12-11 오후 4:34:28
     1>2 노드의 "C:\Users\정영\Desktop\C 프로그래밍\2013890066정영\20181204\20181211_2\20181211_2.vcxproj" 프로젝트(Build 대상)입니다.
     1>ClCompile:
         C:\Program Files (x86)\Microsoft Visual Studio 11.0\VC\bin\CL.exe /c /ZI /nologo /W3 /WX- /Od /Oy- /D WIN32 /D _DEBUG /D _CONSOLE /D _UNICODE /D UNICODE /Gm /EHsc /RTC1 /MDd /GS /fp:precise /Zc:wchar_t /Zc:forScope /Fo"Debug\\" /Fd"Debug\vc110.pdb" /Gd /TP /analyze- /errorReport:prompt LinkedList2.cpp
         LinkedList2.cpp
     1>c:\users\정영\desktop\c 프로그래밍\2013890066정영\20181204\20181211_2\linkedlist2.cpp(83): error C2039: 'pHead' : 'node'의 멤버가 아닙니다.
                 c:\users\정영\desktop\c 프로그래밍\2013890066정영\20181204\20181211_2\linkedlist2.cpp(5) : 'node' 선언을 참조하십시오.
     1>c:\users\정영\desktop\c 프로그래밍\2013890066정영\20181204\20181211_2\linkedlist2.cpp(84): error C2039: 'pTail' : 'node'의 멤버가 아닙니다.
                 c:\users\정영\desktop\c 프로그래밍\2013890066정영\20181204\20181211_2\linkedlist2.cpp(5) : 'node' 선언을 참조하십시오.
     1>c:\users\정영\desktop\c 프로그래밍\2013890066정영\20181204\20181211_2\linkedlist2.cpp(86): error C2039: 'pHead' : 'node'의 멤버가 아닙니다.
                 c:\users\정영\desktop\c 프로그래밍\2013890066정영\20181204\20181211_2\linkedlist2.cpp(5) : 'node' 선언을 참조하십시오.
     1>c:\users\정영\desktop\c 프로그래밍\2013890066정영\20181204\20181211_2\linkedlist2.cpp(87): error C2039: 'pHead' : 'node'의 멤버가 아닙니다.
                 c:\users\정영\desktop\c 프로그래밍\2013890066정영\20181204\20181211_2\linkedlist2.cpp(5) : 'node' 선언을 참조하십시오.
     1>c:\users\정영\desktop\c 프로그래밍\2013890066정영\20181204\20181211_2\linkedlist2.cpp(88): error C2039: 'nNode' : 'node'의 멤버가 아닙니다.
                 c:\users\정영\desktop\c 프로그래밍\2013890066정영\20181204\20181211_2\linkedlist2.cpp(5) : 'node' 선언을 참조하십시오.
     1>c:\users\정영\desktop\c 프로그래밍\2013890066정영\20181204\20181211_2\linkedlist2.cpp(112): error C2664: 'addHead' : 매개 변수 1을(를) 'LinkedList *'에서 'Node *'(으)로 변환할 수 없습니다.
                 가리킨 형식이 관련이 없습니다. 변환하려면 reinterpret_cast, C 스타일 캐스트 또는 함수 스타일 캐스트가 필요합니다.
     1>c:\users\정영\desktop\c 프로그래밍\2013890066정영\20181204\20181211_2\linkedlist2.cpp(113): error C2664: 'addHead' : 매개 변수 1을(를) 'LinkedList *'에서 'Node *'(으)로 변환할 수 없습니다.
                 가리킨 형식이 관련이 없습니다. 변환하려면 reinterpret_cast, C 스타일 캐스트 또는 함수 스타일 캐스트가 필요합니다.
     1>"C:\Users\정영\Desktop\C 프로그래밍\2013890066정영\20181204\20181211_2\20181211_2.vcxproj" 프로젝트를 빌드했습니다(Build 대상). - 실패

빌드하지 못했습니다.

경과 시간: 00:00:00.64
